[0901/003734:ERROR:process_info.cc(608)] range at 0xbf3b454400000000, size 0x44 fully unreadable
[0901/003734:ERROR:process_info.cc(608)] range at 0xbf3b45a600000000, size 0x44 fully unreadable
[0901/003734:ERROR:process_info.cc(608)] range at 0x0, size 0x44 fully unreadable
[0901/003735:ERROR:process_reader_win.cc(233)] ReadMemory at 0x44bf3d3b70 of 65536 bytes failed: Only part of a ReadProcessMemory or WriteProcessMemory request was completed. (0x12B)
[0901/003735:ERROR:process_reader_win.cc(233)] ReadMemory at 0x7fb14488100 of 40 bytes failed: Only part of a ReadProcessMemory or WriteProcessMemory request was completed. (0x12B)
[0901/003735:ERROR:process_snapshot_win.cc(527)] failed to read RTL_CRITICAL_SECTION
[0901/003735:ERROR:process_reader_win.cc(233)] ReadMemory at 0x7f701bb0000 of 64 bytes failed: Only part of a ReadProcessMemory or WriteProcessMemory request was completed. (0x12B)
[0901/003735:WARNING:pe_image_reader.cc(281)] could not read dos header from C:\Program Files (x86)\Google\Chrome\Application\chrome.exe
[0901/003735:ERROR:process_reader_win.cc(233)] ReadMemory at 0x7fb14350000 of 64 bytes failed: Only part of a ReadProcessMemory or WriteProcessMemory request was completed. (0x12B)
[0901/003735:WARNING:pe_image_reader.cc(281)] could not read dos header from C:\Windows\SYSTEM32\ntdll.dll
[0901/003735:ERROR:process_reader_win.cc(233)] ReadMemory at 0x7fb116c0000 of 64 bytes failed: Only part of a ReadProcessMemory or WriteProcessMemory request was completed. (0x12B)
[0901/003735:WARNING:pe_image_reader.cc(281)] could not read dos header from C:\Windows\system32\KERNELBASE.dll
[0901/003735:ERROR:process_reader_win.cc(233)] ReadMemory at 0x7fb12d10000 of 64 bytes failed: Only part of a ReadProcessMemory or WriteProcessMemory request was completed. (0x12B)
[0901/003735:WARNING:pe_image_reader.cc(281)] could not read dos header from C:\Windows\system32\KERNEL32.DLL
[0901/003735:ERROR:process_reader_win.cc(233)] ReadMemory at 0x7fb12390000 of 64 bytes failed: Only part of a ReadProcessMemory or WriteProcessMemory request was completed. (0x12B)
[0901/003735:WARNING:pe_image_reader.cc(281)] could not read dos header from C:\Windows\system32\msvcrt.dll
[0901/003735:ERROR:process_reader_win.cc(233)] ReadMemory at 0x7fb12bd0000 of 64 bytes failed: Only part of a ReadProcessMemory or WriteProcessMemory request was completed. (0x12B)
[0901/003735:WARNING:pe_image_reader.cc(281)] could not read dos header from C:\Windows\system32\RPCRT4.dll
[0901/003735:ERROR:process_reader_win.cc(233)] ReadMemory at 0x7fb117c0000 of 64 bytes failed: Only part of a ReadProcessMemory or WriteProcessMemory request was completed. (0x12B)
[0901/003735:WARNING:pe_image_reader.cc(281)] could not read dos header from C:\Windows\SYSTEM32\sechost.dll
[0901/003735:ERROR:process_reader_win.cc(233)] ReadMemory at 0x7fb12790000 of 64 bytes failed: Only part of a ReadProcessMemory or WriteProcessMemory request was completed. (0x12B)
[0901/003735:WARNING:pe_image_reader.cc(281)] could not read dos header from C:\Windows\system32\ADVAPI32.dll
[0901/003735:ERROR:process_reader_win.cc(233)] ReadMemory at 0x7fafc880000 of 64 bytes failed: Only part of a ReadProcessMemory or WriteProcessMemory request was completed. (0x12B)
[0901/003735:WARNING:pe_image_reader.cc(281)] could not read dos header from C:\Program Files (x86)\Google\Chrome\Application\52.0.2743.116\chrome_elf.dll
[0901/003735:ERROR:process_reader_win.cc(233)] ReadMemory at 0x7fb0e400000 of 64 bytes failed: Only part of a ReadProcessMemory or WriteProcessMemory request was completed. (0x12B)
[0901/003735:WARNING:pe_image_reader.cc(281)] could not read dos header from C:\Windows\SYSTEM32\VERSION.dll
[0901/003735:ERROR:process_reader_win.cc(233)] ReadMemory at 0x7fb12080000 of 64 bytes failed: Only part of a ReadProcessMemory or WriteProcessMemory request was completed. (0x12B)
[0901/003735:WARNING:pe_image_reader.cc(281)] could not read dos header from C:\Windows\system32\GDI32.dll
[0901/003735:ERROR:process_reader_win.cc(233)] ReadMemory at 0x7fb11ab0000 of 64 bytes failed: Only part of a ReadProcessMemory or WriteProcessMemory request was completed. (0x12B)
[0901/003735:WARNING:pe_image_reader.cc(281)] could not read dos header from C:\Windows\system32\USER32.dll
[0901/003735:ERROR:process_reader_win.cc(233)] ReadMemory at 0x7fb14230000 of 64 bytes failed: Only part of a ReadProcessMemory or WriteProcessMemory request was completed. (0x12B)
[0901/003735:WARNING:pe_image_reader.cc(281)] could not read dos header from C:\Windows\system32\MSCTF.dll
[0901/003735:ERROR:process_reader_win.cc(233)] ReadMemory at 0x7fb121d0000 of 64 bytes failed: Only part of a ReadProcessMemory or WriteProcessMemory request was completed. (0x12B)
[0901/003735:WARNING:pe_image_reader.cc(281)] could not read dos header from C:\Windows\system32\IMM32.DLL
[0901/003735:ERROR:process_reader_win.cc(233)] ReadMemory at 0x7fb0e390000 of 64 bytes failed: Only part of a ReadProcessMemory or WriteProcessMemory request was completed. (0x12B)
[0901/003735:WARNING:pe_image_reader.cc(281)] could not read dos header from C:\Windows\SYSTEM32\WINMMBASE.dll
[0901/003735:ERROR:process_reader_win.cc(233)] ReadMemory at 0x7fb0e3e0000 of 64 bytes failed: Only part of a ReadProcessMemory or WriteProcessMemory request was completed. (0x12B)
[0901/003735:WARNING:pe_image_reader.cc(281)] could not read dos header from C:\Windows\SYSTEM32\WINMM.dll
[0901/003735:ERROR:process_reader_win.cc(233)] ReadMemory at 0x7fb11280000 of 64 bytes failed: Only part of a ReadProcessMemory or WriteProcessMemory request was completed. (0x12B)
[0901/003735:WARNING:pe_image_reader.cc(281)] could not read dos header from C:\Windows\SYSTEM32\profapi.dll
[0901/003735:ERROR:process_reader_win.cc(233)] ReadMemory at 0x7fb108b0000 of 64 bytes failed: Only part of a ReadProcessMemory or WriteProcessMemory request was completed. (0x12B)
[0901/003735:WARNING:pe_image_reader.cc(281)] could not read dos header from C:\Windows\SYSTEM32\USERENV.dll
[0901/003735:ERROR:process_reader_win.cc(233)] ReadMemory at 0x7fb110d0000 of 64 bytes failed: Only part of a ReadProcessMemory or WriteProcessMemory request was completed. (0x12B)
[0901/003735:WARNING:pe_image_reader.cc(281)] could not read dos header from C:\Windows\SYSTEM32\WTSAPI32.dll
[0901/003735:ERROR:process_reader_win.cc(233)] ReadMemory at 0x7fb11df0000 of 64 bytes failed: Only part of a ReadProcessMemory or WriteProcessMemory request was completed. (0x12B)
[0901/003735:WARNING:pe_image_reader.cc(281)] could not read dos header from C:\Windows\SYSTEM32\combase.dll
[0901/003735:ERROR:process_reader_win.cc(233)] ReadMemory at 0x7fb009d0000 of 64 bytes failed: Only part of a ReadProcessMemory or WriteProcessMemory request was completed. (0x12B)
[0901/003735:WARNING:pe_image_reader.cc(281)] could not read dos header from C:\Windows\SYSTEM32\WINHTTP.dll
[0901/003735:ERROR:process_reader_win.cc(233)] ReadMemory at 0x7fb12e50000 of 64 bytes failed: Only part of a ReadProcessMemory or WriteProcessMemory request was completed. (0x12B)
[0901/003735:WARNING:pe_image_reader.cc(281)] could not read dos header from C:\Windows\system32\SHLWAPI.dll
[0901/003735:ERROR:process_reader_win.cc(233)] ReadMemory at 0x7fb12f40000 of 64 bytes failed: Only part of a ReadProcessMemory or WriteProcessMemory request was completed. (0x12B)
[0901/003735:WARNING:pe_image_reader.cc(281)] could not read dos header from C:\Windows\system32\SHELL32.dll
[0901/003735:ERROR:process_reader_win.cc(233)] ReadMemory at 0x7fb10440000 of 64 bytes failed: Only part of a ReadProcessMemory or WriteProcessMemory request was completed. (0x12B)
[0901/003735:WARNING:pe_image_reader.cc(281)] could not read dos header from C:\Windows\SYSTEM32\shcore.dll
[0901/003735:ERROR:process_reader_win.cc(233)] ReadMemory at 0x7fb121c0000 of 64 bytes failed: Only part of a ReadProcessMemory or WriteProcessMemory request was completed. (0x12B)
[0901/003735:WARNING:pe_image_reader.cc(281)] could not read dos header from C:\Windows\system32\PSAPI.DLL
[0901/003735:ERROR:process_reader_win.cc(233)] ReadMemory at 0x7fb0e310000 of 64 bytes failed: Only part of a ReadProcessMemory or WriteProcessMemory request was completed. (0x12B)
[0901/003735:WARNING:pe_image_reader.cc(281)] could not read dos header from C:\Windows\SYSTEM32\WINSPOOL.DRV
[0901/003735:ERROR:process_reader_win.cc(233)] ReadMemory at 0x7fb0e920000 of 64 bytes failed: Only part of a ReadProcessMemory or WriteProcessMemory request was completed. (0x12B)
[0901/003735:WARNING:pe_image_reader.cc(281)] could not read dos header from C:\Windows\WinSxS\amd64_microsoft.windows.common-controls_6595b64144ccf1df_6.0.9200.16384_none_418c2a697189c07f\COMCTL32.dll
[0901/003735:ERROR:process_reader_win.cc(233)] ReadMemory at 0x7fb12440000 of 64 bytes failed: Only part of a ReadProcessMemory or WriteProcessMemory request was completed. (0x12B)
[0901/003735:WARNING:pe_image_reader.cc(281)] could not read dos header from C:\Windows\system32\COMDLG32.dll
[0901/003735:ERROR:process_reader_win.cc(233)] ReadMemory at 0x7fb12210000 of 64 bytes failed: Only part of a ReadProcessMemory or WriteProcessMemory request was completed. (0x12B)
[0901/003735:WARNING:pe_image_reader.cc(281)] could not read dos header from C:\Windows\system32\ole32.dll
[0901/003735:ERROR:process_reader_win.cc(233)] ReadMemory at 0x7fb11fa0000 of 64 bytes failed: Only part of a ReadProcessMemory or WriteProcessMemory request was completed. (0x12B)
[0901/003735:WARNING:pe_image_reader.cc(281)] could not read dos header from C:\Windows\system32\OLEAUT32.dll
[0901/003735:ERROR:process_reader_win.cc(233)] ReadMemory at 0x7fb124f0000 of 64 bytes failed: Only part of a ReadProcessMemory or WriteProcessMemory request was completed. (0x12B)
[0901/003735:WARNING:pe_image_reader.cc(281)] could not read dos header from C:\Windows\system32\NSI.dll
[0901/003735:ERROR:process_reader_win.cc(233)] ReadMemory at 0x7fb0be10000 of 64 bytes failed: Only part of a ReadProcessMemory or WriteProcessMemory request was completed. (0x12B)
[0901/003735:WARNING:pe_image_reader.cc(281)] could not read dos header from C:\Windows\SYSTEM32\WINNSI.DLL
[0901/003735:ERROR:process_reader_win.cc(233)] ReadMemory at 0x7fb0be40000 of 64 bytes failed: Only part of a ReadProcessMemory or WriteProcessMemory request was completed. (0x12B)
[0901/003735:WARNING:pe_image_reader.cc(281)] could not read dos header from C:\Windows\SYSTEM32\IPHLPAPI.DLL
[0901/003735:ERROR:process_reader_win.cc(233)] ReadMemory at 0x7fb12720000 of 64 bytes failed: Only part of a ReadProcessMemory or WriteProcessMemory request was completed. (0x12B)
[0901/003735:WARNING:pe_image_reader.cc(281)] could not read dos header from C:\Windows\system32\WS2_32.dll
[0901/003735:ERROR:process_reader_win.cc(233)] ReadMemory at 0x7faf59d0000 of 64 bytes failed: Only part of a ReadProcessMemory or WriteProcessMemory request was completed. (0x12B)
[0901/003735:WARNING:pe_image_reader.cc(281)] could not read dos header from C:\Windows\SYSTEM32\USP10.dll
[0901/003735:ERROR:process_reader_win.cc(233)] ReadMemory at 0x7fb11330000 of 64 bytes failed: Only part of a ReadProcessMemory or WriteProcessMemory request was completed. (0x12B)
[0901/003735:WARNING:pe_image_reader.cc(281)] could not read dos header from C:\Windows\system32\MSASN1.dll
[0901/003735:ERROR:process_reader_win.cc(233)] ReadMemory at 0x7fb11350000 of 64 bytes failed: Only part of a ReadProcessMemory or WriteProcessMemory request was completed. (0x12B)
[0901/003735:WARNING:pe_image_reader.cc(281)] could not read dos header from C:\Windows\system32\CRYPT32.dll
[0901/003735:ERROR:process_reader_win.cc(233)] ReadMemory at 0x7fb11580000 of 64 bytes failed: Only part of a ReadProcessMemory or WriteProcessMemory request was completed. (0x12B)
[0901/003735:WARNING:pe_image_reader.cc(281)] could not read dos header from C:\Windows\system32\WINTRUST.dll
[0901/003735:ERROR:process_reader_win.cc(233)] ReadMemory at 0x7fb09e70000 of 64 bytes failed: Only part of a ReadProcessMemory or WriteProcessMemory request was completed. (0x12B)
[0901/003735:WARNING:pe_image_reader.cc(281)] could not read dos header from C:\Windows\SYSTEM32\Secur32.dll
[0901/003735:ERROR:process_reader_win.cc(233)] ReadMemory at 0x7fb11030000 of 64 bytes failed: Only part of a ReadProcessMemory or WriteProcessMemory request was completed. (0x12B)
[0901/003735:WARNING:pe_image_reader.cc(281)] could not read dos header from C:\Windows\SYSTEM32\SSPICLI.DLL
[0901/003735:ERROR:process_reader_win.cc(233)] ReadMemory at 0x7fae83e0000 of 64 bytes failed: Only part of a ReadProcessMemory or WriteProcessMemory request was completed. (0x12B)
[0901/003735:WARNING:pe_image_reader.cc(281)] could not read dos header from C:\Program Files (x86)\Google\Chrome\Application\52.0.2743.116\chrome_child.dll
[0901/003735:ERROR:process_reader_win.cc(233)] ReadMemory at 0x7fb11060000 of 64 bytes failed: Only part of a ReadProcessMemory or WriteProcessMemory request was completed. (0x12B)
[0901/003735:WARNING:pe_image_reader.cc(281)] could not read dos header from C:\Windows\SYSTEM32\bcryptPrimitives.dll
[0901/003735:ERROR:process_reader_win.cc(233)] ReadMemory at 0x7fb110c0000 of 64 bytes failed: Only part of a ReadProcessMemory or WriteProcessMemory request was completed. (0x12B)
[0901/003735:WARNING:pe_image_reader.cc(281)] could not read dos header from C:\Windows\SYSTEM32\cryptbase.dll
[0901/003735:ERROR:process_reader_win.cc(233)] ReadMemory at 0x7fb0dc30000 of 64 bytes failed: Only part of a ReadProcessMemory or WriteProcessMemory request was completed. (0x12B)
[0901/003735:WARNING:pe_image_reader.cc(281)] could not read dos header from C:\Windows\SYSTEM32\dwrite.dll
[0901/003735:ERROR:process_reader_win.cc(233)] ReadMemory at 0x7fb1448e660 of 6656 bytes failed: Only part of a ReadProcessMemory or WriteProcessMemory request was completed. (0x12B)
[0901/003735:ERROR:process_reader_win.cc(233)] ReadMemory at 0x7f701bb0000 of 64 bytes failed: Only part of a ReadProcessMemory or WriteProcessMemory request was completed. (0x12B)
[0901/003735:WARNING:pe_image_reader.cc(281)] could not read dos header from C:\Program Files (x86)\Google\Chrome\Application\chrome.exe
[0901/003735:ERROR:process_reader_win.cc(233)] ReadMemory at 0x7fb14350000 of 64 bytes failed: Only part of a ReadProcessMemory or WriteProcessMemory request was completed. (0x12B)
[0901/003735:WARNING:pe_image_reader.cc(281)] could not read dos header from C:\Windows\SYSTEM32\ntdll.dll
[0901/003735:ERROR:process_reader_win.cc(233)] ReadMemory at 0x7fb116c0000 of 64 bytes failed: Only part of a ReadProcessMemory or WriteProcessMemory request was completed. (0x12B)
[0901/003735:WARNING:pe_image_reader.cc(281)] could not read dos header from C:\Windows\system32\KERNELBASE.dll
[0901/003735:ERROR:process_reader_win.cc(233)] ReadMemory at 0x7fb12d10000 of 64 bytes failed: Only part of a ReadProcessMemory or WriteProcessMemory request was completed. (0x12B)
[0901/003735:WARNING:pe_image_reader.cc(281)] could not read dos header from C:\Windows\system32\KERNEL32.DLL
[0901/003735:ERROR:process_reader_win.cc(233)] ReadMemory at 0x7fb12390000 of 64 bytes failed: Only part of a ReadProcessMemory or WriteProcessMemory request was completed. (0x12B)
[0901/003735:WARNING:pe_image_reader.cc(281)] could not read dos header from C:\Windows\system32\msvcrt.dll
[0901/003735:ERROR:process_reader_win.cc(233)] ReadMemory at 0x7fb12bd0000 of 64 bytes failed: Only part of a ReadProcessMemory or WriteProcessMemory request was completed. (0x12B)
[0901/003735:WARNING:pe_image_reader.cc(281)] could not read dos header from C:\Windows\system32\RPCRT4.dll
[0901/003735:ERROR:process_reader_win.cc(233)] ReadMemory at 0x7fb117c0000 of 64 bytes failed: Only part of a ReadProcessMemory or WriteProcessMemory request was completed. (0x12B)
[0901/003735:WARNING:pe_image_reader.cc(281)] could not read dos header from C:\Windows\SYSTEM32\sechost.dll
[0901/003735:ERROR:process_reader_win.cc(233)] ReadMemory at 0x7fb12790000 of 64 bytes failed: Only part of a ReadProcessMemory or WriteProcessMemory request was completed. (0x12B)
[0901/003735:WARNING:pe_image_reader.cc(281)] could not read dos header from C:\Windows\system32\ADVAPI32.dll
[0901/003735:ERROR:process_reader_win.cc(233)] ReadMemory at 0x7fafc880000 of 64 bytes failed: Only part of a ReadProcessMemory or WriteProcessMemory request was completed. (0x12B)
[0901/003735:WARNING:pe_image_reader.cc(281)] could not read dos header from C:\Program Files (x86)\Google\Chrome\Application\52.0.2743.116\chrome_elf.dll
[0901/003735:ERROR:process_reader_win.cc(233)] ReadMemory at 0x7fb0e400000 of 64 bytes failed: Only part of a ReadProcessMemory or WriteProcessMemory request was completed. (0x12B)
[0901/003735:WARNING:pe_image_reader.cc(281)] could not read dos header from C:\Windows\SYSTEM32\VERSION.dll
[0901/003735:ERROR:process_reader_win.cc(233)] ReadMemory at 0x7fb12080000 of 64 bytes failed: Only part of a ReadProcessMemory or WriteProcessMemory request was completed. (0x12B)
[0901/003735:WARNING:pe_image_reader.cc(281)] could not read dos header from C:\Windows\system32\GDI32.dll
[0901/003735:ERROR:process_reader_win.cc(233)] ReadMemory at 0x7fb11ab0000 of 64 bytes failed: Only part of a ReadProcessMemory or WriteProcessMemory request was completed. (0x12B)
[0901/003735:WARNING:pe_image_reader.cc(281)] could not read dos header from C:\Windows\system32\USER32.dll
[0901/003735:ERROR:process_reader_win.cc(233)] ReadMemory at 0x7fb14230000 of 64 bytes failed: Only part of a ReadProcessMemory or WriteProcessMemory request was completed. (0x12B)
[0901/003735:WARNING:pe_image_reader.cc(281)] could not read dos header from C:\Windows\system32\MSCTF.dll
[0901/003735:ERROR:process_reader_win.cc(233)] ReadMemory at 0x7fb121d0000 of 64 bytes failed: Only part of a ReadProcessMemory or WriteProcessMemory request was completed. (0x12B)
[0901/003735:WARNING:pe_image_reader.cc(281)] could not read dos header from C:\Windows\system32\IMM32.DLL
[0901/003735:ERROR:process_reader_win.cc(233)] ReadMemory at 0x7fb0e390000 of 64 bytes failed: Only part of a ReadProcessMemory or WriteProcessMemory request was completed. (0x12B)
[0901/003735:WARNING:pe_image_reader.cc(281)] could not read dos header from C:\Windows\SYSTEM32\WINMMBASE.dll
[0901/003735:ERROR:process_reader_win.cc(233)] ReadMemory at 0x7fb0e3e0000 of 64 bytes failed: Only part of a ReadProcessMemory or WriteProcessMemory request was completed. (0x12B)
[0901/003735:WARNING:pe_image_reader.cc(281)] could not read dos header from C:\Windows\SYSTEM32\WINMM.dll
[0901/003735:ERROR:process_reader_win.cc(233)] ReadMemory at 0x7fb11280000 of 64 bytes failed: Only part of a ReadProcessMemory or WriteProcessMemory request was completed. (0x12B)
[0901/003735:WARNING:pe_image_reader.cc(281)] could not read dos header from C:\Windows\SYSTEM32\profapi.dll
[0901/003735:ERROR:process_reader_win.cc(233)] ReadMemory at 0x7fb108b0000 of 64 bytes failed: Only part of a ReadProcessMemory or WriteProcessMemory request was completed. (0x12B)
[0901/003735:WARNING:pe_image_reader.cc(281)] could not read dos header from C:\Windows\SYSTEM32\USERENV.dll
[0901/003735:ERROR:process_reader_win.cc(233)] ReadMemory at 0x7fb110d0000 of 64 bytes failed: Only part of a ReadProcessMemory or WriteProcessMemory request was completed. (0x12B)
[0901/003735:WARNING:pe_image_reader.cc(281)] could not read dos header from C:\Windows\SYSTEM32\WTSAPI32.dll
[0901/003735:ERROR:process_reader_win.cc(233)] ReadMemory at 0x7fb11df0000 of 64 bytes failed: Only part of a ReadProcessMemory or WriteProcessMemory request was completed. (0x12B)
[0901/003735:WARNING:pe_image_reader.cc(281)] could not read dos header from C:\Windows\SYSTEM32\combase.dll
[0901/003735:ERROR:process_reader_win.cc(233)] ReadMemory at 0x7fb009d0000 of 64 bytes failed: Only part of a ReadProcessMemory or WriteProcessMemory request was completed. (0x12B)
[0901/003735:WARNING:pe_image_reader.cc(281)] could not read dos header from C:\Windows\SYSTEM32\WINHTTP.dll
[0901/003735:ERROR:process_reader_win.cc(233)] ReadMemory at 0x7fb12e50000 of 64 bytes failed: Only part of a ReadProcessMemory or WriteProcessMemory request was completed. (0x12B)
[0901/003735:WARNING:pe_image_reader.cc(281)] could not read dos header from C:\Windows\system32\SHLWAPI.dll
[0901/003735:ERROR:process_reader_win.cc(233)] ReadMemory at 0x7fb12f40000 of 64 bytes failed: Only part of a ReadProcessMemory or WriteProcessMemory request was completed. (0x12B)
[0901/003735:WARNING:pe_image_reader.cc(281)] could not read dos header from C:\Windows\system32\SHELL32.dll
[0901/003735:ERROR:process_reader_win.cc(233)] ReadMemory at 0x7fb10440000 of 64 bytes failed: Only part of a ReadProcessMemory or WriteProcessMemory request was completed. (0x12B)
[0901/003735:WARNING:pe_image_reader.cc(281)] could not read dos header from C:\Windows\SYSTEM32\shcore.dll
[0901/003735:ERROR:process_reader_win.cc(233)] ReadMemory at 0x7fb121c0000 of 64 bytes failed: Only part of a ReadProcessMemory or WriteProcessMemory request was completed. (0x12B)
[0901/003735:WARNING:pe_image_reader.cc(281)] could not read dos header from C:\Windows\system32\PSAPI.DLL
[0901/003735:ERROR:process_reader_win.cc(233)] ReadMemory at 0x7fb0e310000 of 64 bytes failed: Only part of a ReadProcessMemory or WriteProcessMemory request was completed. (0x12B)
[0901/003735:WARNING:pe_image_reader.cc(281)] could not read dos header from C:\Windows\SYSTEM32\WINSPOOL.DRV
[0901/003735:ERROR:process_reader_win.cc(233)] ReadMemory at 0x7fb0e920000 of 64 bytes failed: Only part of a ReadProcessMemory or WriteProcessMemory request was completed. (0x12B)
[0901/003735:WARNING:pe_image_reader.cc(281)] could not read dos header from C:\Windows\WinSxS\amd64_microsoft.windows.common-controls_6595b64144ccf1df_6.0.9200.16384_none_418c2a697189c07f\COMCTL32.dll
[0901/003735:ERROR:process_reader_win.cc(233)] ReadMemory at 0x7fb12440000 of 64 bytes failed: Only part of a ReadProcessMemory or WriteProcessMemory request was completed. (0x12B)
[0901/003735:WARNING:pe_image_reader.cc(281)] could not read dos header from C:\Windows\system32\COMDLG32.dll
[0901/003735:ERROR:process_reader_win.cc(233)] ReadMemory at 0x7fb12210000 of 64 bytes failed: Only part of a ReadProcessMemory or WriteProcessMemory request was completed. (0x12B)
[0901/003735:WARNING:pe_image_reader.cc(281)] could not read dos header from C:\Windows\system32\ole32.dll
[0901/003735:ERROR:process_reader_win.cc(233)] ReadMemory at 0x7fb11fa0000 of 64 bytes failed: Only part of a ReadProcessMemory or WriteProcessMemory request was completed. (0x12B)
[0901/003735:WARNING:pe_image_reader.cc(281)] could not read dos header from C:\Windows\system32\OLEAUT32.dll
[0901/003735:ERROR:process_reader_win.cc(233)] ReadMemory at 0x7fb124f0000 of 64 bytes failed: Only part of a ReadProcessMemory or WriteProcessMemory request was completed. (0x12B)
[0901/003735:WARNING:pe_image_reader.cc(281)] could not read dos header from C:\Windows\system32\NSI.dll
[0901/003735:ERROR:process_reader_win.cc(233)] ReadMemory at 0x7fb0be10000 of 64 bytes failed: Only part of a ReadProcessMemory or WriteProcessMemory request was completed. (0x12B)
[0901/003735:WARNING:pe_image_reader.cc(281)] could not read dos header from C:\Windows\SYSTEM32\WINNSI.DLL
[0901/003735:ERROR:process_reader_win.cc(233)] ReadMemory at 0x7fb0be40000 of 64 bytes failed: Only part of a ReadProcessMemory or WriteProcessMemory request was completed. (0x12B)
[0901/003735:WARNING:pe_image_reader.cc(281)] could not read dos header from C:\Windows\SYSTEM32\IPHLPAPI.DLL
[0901/003735:ERROR:process_reader_win.cc(233)] ReadMemory at 0x7fb12720000 of 64 bytes failed: Only part of a ReadProcessMemory or WriteProcessMemory request was completed. (0x12B)
[0901/003735:WARNING:pe_image_reader.cc(281)] could not read dos header from C:\Windows\system32\WS2_32.dll
[0901/003735:ERROR:process_reader_win.cc(233)] ReadMemory at 0x7faf59d0000 of 64 bytes failed: Only part of a ReadProcessMemory or WriteProcessMemory request was completed. (0x12B)
[0901/003735:WARNING:pe_image_reader.cc(281)] could not read dos header from C:\Windows\SYSTEM32\USP10.dll
[0901/003735:ERROR:process_reader_win.cc(233)] ReadMemory at 0x7fb11330000 of 64 bytes failed: Only part of a ReadProcessMemory or WriteProcessMemory request was completed. (0x12B)
[0901/003735:WARNING:pe_image_reader.cc(281)] could not read dos header from C:\Windows\system32\MSASN1.dll
[0901/003735:ERROR:process_reader_win.cc(233)] ReadMemory at 0x7fb11350000 of 64 bytes failed: Only part of a ReadProcessMemory or WriteProcessMemory request was completed. (0x12B)
[0901/003735:WARNING:pe_image_reader.cc(281)] could not read dos header from C:\Windows\system32\CRYPT32.dll
[0901/003735:ERROR:process_reader_win.cc(233)] ReadMemory at 0x7fb11580000 of 64 bytes failed: Only part of a ReadProcessMemory or WriteProcessMemory request was completed. (0x12B)
[0901/003735:WARNING:pe_image_reader.cc(281)] could not read dos header from C:\Windows\system32\WINTRUST.dll
[0901/003735:ERROR:process_reader_win.cc(233)] ReadMemory at 0x7fb09e70000 of 64 bytes failed: Only part of a ReadProcessMemory or WriteProcessMemory request was completed. (0x12B)
[0901/003735:WARNING:pe_image_reader.cc(281)] could not read dos header from C:\Windows\SYSTEM32\Secur32.dll
[0901/003735:ERROR:process_reader_win.cc(233)] ReadMemory at 0x7fb11030000 of 64 bytes failed: Only part of a ReadProcessMemory or WriteProcessMemory request was completed. (0x12B)
[0901/003735:WARNING:pe_image_reader.cc(281)] could not read dos header from C:\Windows\SYSTEM32\SSPICLI.DLL
[0901/003735:ERROR:process_reader_win.cc(233)] ReadMemory at 0x7fae83e0000 of 64 bytes failed: Only part of a ReadProcessMemory or WriteProcessMemory request was completed. (0x12B)
[0901/003735:WARNING:pe_image_reader.cc(281)] could not read dos header from C:\Program Files (x86)\Google\Chrome\Application\52.0.2743.116\chrome_child.dll
[0901/003735:ERROR:process_reader_win.cc(233)] ReadMemory at 0x7fb11060000 of 64 bytes failed: Only part of a ReadProcessMemory or WriteProcessMemory request was completed. (0x12B)
[0901/003735:WARNING:pe_image_reader.cc(281)] could not read dos header from C:\Windows\SYSTEM32\bcryptPrimitives.dll
[0901/003735:ERROR:process_reader_win.cc(233)] ReadMemory at 0x7fb110c0000 of 64 bytes failed: Only part of a ReadProcessMemory or WriteProcessMemory request was completed. (0x12B)
[0901/003735:WARNING:pe_image_reader.cc(281)] could not read dos header from C:\Windows\SYSTEM32\cryptbase.dll
[0901/003735:ERROR:process_reader_win.cc(233)] ReadMemory at 0x7fb0dc30000 of 64 bytes failed: Only part of a ReadProcessMemory or WriteProcessMemory request was completed. (0x12B)
[0901/003735:WARNING:pe_image_reader.cc(281)] could not read dos header from C:\Windows\SYSTEM32\dwrite.dll
[0901/003735:ERROR:process_reader_win.cc(99)] process 7720 not found
[0901/003735:ERROR:process_reader_win.cc(233)] ReadMemory at 0x7f701bb0000 of 64 bytes failed: Only part of a ReadProcessMemory or WriteProcessMemory request was completed. (0x12B)
[0901/003735:WARNING:pe_image_reader.cc(281)] could not read dos header from C:\Program Files (x86)\Google\Chrome\Application\chrome.exe
[0901/003735:ERROR:process_reader_win.cc(233)] ReadMemory at 0x7fb14350000 of 64 bytes failed: Only part of a ReadProcessMemory or WriteProcessMemory request was completed. (0x12B)
[0901/003735:WARNING:pe_image_reader.cc(281)] could not read dos header from C:\Windows\SYSTEM32\ntdll.dll
[0901/003735:ERROR:process_reader_win.cc(233)] ReadMemory at 0x7fb116c0000 of 64 bytes failed: Only part of a ReadProcessMemory or WriteProcessMemory request was completed. (0x12B)
[0901/003735:WARNING:pe_image_reader.cc(281)] could not read dos header from C:\Windows\system32\KERNELBASE.dll
[0901/003735:ERROR:process_reader_win.cc(233)] ReadMemory at 0x7fb12d10000 of 64 bytes failed: Only part of a ReadProcessMemory or WriteProcessMemory request was completed. (0x12B)
[0901/003735:WARNING:pe_image_reader.cc(281)] could not read dos header from C:\Windows\system32\KERNEL32.DLL
[0901/003735:ERROR:process_reader_win.cc(233)] ReadMemory at 0x7fb12390000 of 64 bytes failed: Only part of a ReadProcessMemory or WriteProcessMemory request was completed. (0x12B)
[0901/003735:WARNING:pe_image_reader.cc(281)] could not read dos header from C:\Windows\system32\msvcrt.dll
[0901/003735:ERROR:process_reader_win.cc(233)] ReadMemory at 0x7fb12bd0000 of 64 bytes failed: Only part of a ReadProcessMemory or WriteProcessMemory request was completed. (0x12B)
[0901/003735:WARNING:pe_image_reader.cc(281)] could not read dos header from C:\Windows\system32\RPCRT4.dll
[0901/003735:ERROR:process_reader_win.cc(233)] ReadMemory at 0x7fb117c0000 of 64 bytes failed: Only part of a ReadProcessMemory or WriteProcessMemory request was completed. (0x12B)
[0901/003735:WARNING:pe_image_reader.cc(281)] could not read dos header from C:\Windows\SYSTEM32\sechost.dll
[0901/003735:ERROR:process_reader_win.cc(233)] ReadMemory at 0x7fb12790000 of 64 bytes failed: Only part of a ReadProcessMemory or WriteProcessMemory request was completed. (0x12B)
[0901/003735:WARNING:pe_image_reader.cc(281)] could not read dos header from C:\Windows\system32\ADVAPI32.dll
[0901/003735:ERROR:process_reader_win.cc(233)] ReadMemory at 0x7fafc880000 of 64 bytes failed: Only part of a ReadProcessMemory or WriteProcessMemory request was completed. (0x12B)
[0901/003735:WARNING:pe_image_reader.cc(281)] could not read dos header from C:\Program Files (x86)\Google\Chrome\Application\52.0.2743.116\chrome_elf.dll
[0901/003735:ERROR:process_reader_win.cc(233)] ReadMemory at 0x7fb0e400000 of 64 bytes failed: Only part of a ReadProcessMemory or WriteProcessMemory request was completed. (0x12B)
[0901/003735:WARNING:pe_image_reader.cc(281)] could not read dos header from C:\Windows\SYSTEM32\VERSION.dll
[0901/003735:ERROR:process_reader_win.cc(233)] ReadMemory at 0x7fb12080000 of 64 bytes failed: Only part of a ReadProcessMemory or WriteProcessMemory request was completed. (0x12B)
[0901/003735:WARNING:pe_image_reader.cc(281)] could not read dos header from C:\Windows\system32\GDI32.dll
[0901/003735:ERROR:process_reader_win.cc(233)] ReadMemory at 0x7fb11ab0000 of 64 bytes failed: Only part of a ReadProcessMemory or WriteProcessMemory request was completed. (0x12B)
[0901/003735:WARNING:pe_image_reader.cc(281)] could not read dos header from C:\Windows\system32\USER32.dll
[0901/003735:ERROR:process_reader_win.cc(233)] ReadMemory at 0x7fb14230000 of 64 bytes failed: Only part of a ReadProcessMemory or WriteProcessMemory request was completed. (0x12B)
[0901/003735:WARNING:pe_image_reader.cc(281)] could not read dos header from C:\Windows\system32\MSCTF.dll
[0901/003735:ERROR:process_reader_win.cc(233)] ReadMemory at 0x7fb121d0000 of 64 bytes failed: Only part of a ReadProcessMemory or WriteProcessMemory request was completed. (0x12B)
[0901/003735:WARNING:pe_image_reader.cc(281)] could not read dos header from C:\Windows\system32\IMM32.DLL
[0901/003735:ERROR:process_reader_win.cc(233)] ReadMemory at 0x7fb0e390000 of 64 bytes failed: Only part of a ReadProcessMemory or WriteProcessMemory request was completed. (0x12B)
[0901/003735:WARNING:pe_image_reader.cc(281)] could not read dos header from C:\Windows\SYSTEM32\WINMMBASE.dll
[0901/003735:ERROR:process_reader_win.cc(233)] ReadMemory at 0x7fb0e3e0000 of 64 bytes failed: Only part of a ReadProcessMemory or WriteProcessMemory request was completed. (0x12B)
[0901/003735:WARNING:pe_image_reader.cc(281)] could not read dos header from C:\Windows\SYSTEM32\WINMM.dll
[0901/003735:ERROR:process_reader_win.cc(233)] ReadMemory at 0x7fb11280000 of 64 bytes failed: Only part of a ReadProcessMemory or WriteProcessMemory request was completed. (0x12B)
[0901/003735:WARNING:pe_image_reader.cc(281)] could not read dos header from C:\Windows\SYSTEM32\profapi.dll
[0901/003735:ERROR:process_reader_win.cc(233)] ReadMemory at 0x7fb108b0000 of 64 bytes failed: Only part of a ReadProcessMemory or WriteProcessMemory request was completed. (0x12B)
[0901/003735:WARNING:pe_image_reader.cc(281)] could not read dos header from C:\Windows\SYSTEM32\USERENV.dll
[0901/003735:ERROR:process_reader_win.cc(233)] ReadMemory at 0x7fb110d0000 of 64 bytes failed: Only part of a ReadProcessMemory or WriteProcessMemory request was completed. (0x12B)
[0901/003735:WARNING:pe_image_reader.cc(281)] could not read dos header from C:\Windows\SYSTEM32\WTSAPI32.dll
[0901/003735:ERROR:process_reader_win.cc(233)] ReadMemory at 0x7fb11df0000 of 64 bytes failed: Only part of a ReadProcessMemory or WriteProcessMemory request was completed. (0x12B)
[0901/003735:WARNING:pe_image_reader.cc(281)] could not read dos header from C:\Windows\SYSTEM32\combase.dll
[0901/003735:ERROR:process_reader_win.cc(233)] ReadMemory at 0x7fb009d0000 of 64 bytes failed: Only part of a ReadProcessMemory or WriteProcessMemory request was completed. (0x12B)
[0901/003735:WARNING:pe_image_reader.cc(281)] could not read dos header from C:\Windows\SYSTEM32\WINHTTP.dll
[0901/003735:ERROR:process_reader_win.cc(233)] ReadMemory at 0x7fb12e50000 of 64 bytes failed: Only part of a ReadProcessMemory or WriteProcessMemory request was completed. (0x12B)
[0901/003735:WARNING:pe_image_reader.cc(281)] could not read dos header from C:\Windows\system32\SHLWAPI.dll
[0901/003735:ERROR:process_reader_win.cc(233)] ReadMemory at 0x7fb12f40000 of 64 bytes failed: Only part of a ReadProcessMemory or WriteProcessMemory request was completed. (0x12B)
[0901/003735:WARNING:pe_image_reader.cc(281)] could not read dos header from C:\Windows\system32\SHELL32.dll
[0901/003735:ERROR:process_reader_win.cc(233)] ReadMemory at 0x7fb10440000 of 64 bytes failed: Only part of a ReadProcessMemory or WriteProcessMemory request was completed. (0x12B)
[0901/003735:WARNING:pe_image_reader.cc(281)] could not read dos header from C:\Windows\SYSTEM32\shcore.dll
[0901/003735:ERROR:process_reader_win.cc(233)] ReadMemory at 0x7fb121c0000 of 64 bytes failed: Only part of a ReadProcessMemory or WriteProcessMemory request was completed. (0x12B)
[0901/003735:WARNING:pe_image_reader.cc(281)] could not read dos header from C:\Windows\system32\PSAPI.DLL
[0901/003735:ERROR:process_reader_win.cc(233)] ReadMemory at 0x7fb0e310000 of 64 bytes failed: Only part of a ReadProcessMemory or WriteProcessMemory request was completed. (0x12B)
[0901/003735:WARNING:pe_image_reader.cc(281)] could not read dos header from C:\Windows\SYSTEM32\WINSPOOL.DRV
[0901/003735:ERROR:process_reader_win.cc(233)] ReadMemory at 0x7fb0e920000 of 64 bytes failed: Only part of a ReadProcessMemory or WriteProcessMemory request was completed. (0x12B)
[0901/003735:WARNING:pe_image_reader.cc(281)] could not read dos header from C:\Windows\WinSxS\amd64_microsoft.windows.common-controls_6595b64144ccf1df_6.0.9200.16384_none_418c2a697189c07f\COMCTL32.dll
[0901/003735:ERROR:process_reader_win.cc(233)] ReadMemory at 0x7fb12440000 of 64 bytes failed: Only part of a ReadProcessMemory or WriteProcessMemory request was completed. (0x12B)
[0901/003735:WARNING:pe_image_reader.cc(281)] could not read dos header from C:\Windows\system32\COMDLG32.dll
[0901/003735:ERROR:process_reader_win.cc(233)] ReadMemory at 0x7fb12210000 of 64 bytes failed: Only part of a ReadProcessMemory or WriteProcessMemory request was completed. (0x12B)
[0901/003735:WARNING:pe_image_reader.cc(281)] could not read dos header from C:\Windows\system32\ole32.dll
[0901/003735:ERROR:process_reader_win.cc(233)] ReadMemory at 0x7fb11fa0000 of 64 bytes failed: Only part of a ReadProcessMemory or WriteProcessMemory request was completed. (0x12B)
[0901/003735:WARNING:pe_image_reader.cc(281)] could not read dos header from C:\Windows\system32\OLEAUT32.dll
[0901/003735:ERROR:process_reader_win.cc(233)] ReadMemory at 0x7fb124f0000 of 64 bytes failed: Only part of a ReadProcessMemory or WriteProcessMemory request was completed. (0x12B)
[0901/003735:WARNING:pe_image_reader.cc(281)] could not read dos header from C:\Windows\system32\NSI.dll
[0901/003735:ERROR:process_reader_win.cc(233)] ReadMemory at 0x7fb0be10000 of 64 bytes failed: Only part of a ReadProcessMemory or WriteProcessMemory request was completed. (0x12B)
[0901/003735:WARNING:pe_image_reader.cc(281)] could not read dos header from C:\Windows\SYSTEM32\WINNSI.DLL
[0901/003735:ERROR:process_reader_win.cc(233)] ReadMemory at 0x7fb0be40000 of 64 bytes failed: Only part of a ReadProcessMemory or WriteProcessMemory request was completed. (0x12B)
[0901/003735:WARNING:pe_image_reader.cc(281)] could not read dos header from C:\Windows\SYSTEM32\IPHLPAPI.DLL
[0901/003735:ERROR:process_reader_win.cc(233)] ReadMemory at 0x7fb12720000 of 64 bytes failed: Only part of a ReadProcessMemory or WriteProcessMemory request was completed. (0x12B)
[0901/003735:WARNING:pe_image_reader.cc(281)] could not read dos header from C:\Windows\system32\WS2_32.dll
[0901/003735:ERROR:process_reader_win.cc(233)] ReadMemory at 0x7faf59d0000 of 64 bytes failed: Only part of a ReadProcessMemory or WriteProcessMemory request was completed. (0x12B)
[0901/003735:WARNING:pe_image_reader.cc(281)] could not read dos header from C:\Windows\SYSTEM32\USP10.dll
[0901/003735:ERROR:process_reader_win.cc(233)] ReadMemory at 0x7fb11330000 of 64 bytes failed: Only part of a ReadProcessMemory or WriteProcessMemory request was completed. (0x12B)
[0901/003735:WARNING:pe_image_reader.cc(281)] could not read dos header from C:\Windows\system32\MSASN1.dll
[0901/003735:ERROR:process_reader_win.cc(233)] ReadMemory at 0x7fb11350000 of 64 bytes failed: Only part of a ReadProcessMemory or WriteProcessMemory request was completed. (0x12B)
[0901/003735:WARNING:pe_image_reader.cc(281)] could not read dos header from C:\Windows\system32\CRYPT32.dll
[0901/003735:ERROR:process_reader_win.cc(233)] ReadMemory at 0x7fb11580000 of 64 bytes failed: Only part of a ReadProcessMemory or WriteProcessMemory request was completed. (0x12B)
[0901/003735:WARNING:pe_image_reader.cc(281)] could not read dos header from C:\Windows\system32\WINTRUST.dll
[0901/003735:ERROR:process_reader_win.cc(233)] ReadMemory at 0x7fb09e70000 of 64 bytes failed: Only part of a ReadProcessMemory or WriteProcessMemory request was completed. (0x12B)
[0901/003735:WARNING:pe_image_reader.cc(281)] could not read dos header from C:\Windows\SYSTEM32\Secur32.dll
[0901/003735:ERROR:process_reader_win.cc(233)] ReadMemory at 0x7fb11030000 of 64 bytes failed: Only part of a ReadProcessMemory or WriteProcessMemory request was completed. (0x12B)
[0901/003735:WARNING:pe_image_reader.cc(281)] could not read dos header from C:\Windows\SYSTEM32\SSPICLI.DLL
[0901/003735:ERROR:process_reader_win.cc(233)] ReadMemory at 0x7fae83e0000 of 64 bytes failed: Only part of a ReadProcessMemory or WriteProcessMemory request was completed. (0x12B)
[0901/003735:WARNING:pe_image_reader.cc(281)] could not read dos header from C:\Program Files (x86)\Google\Chrome\Application\52.0.2743.116\chrome_child.dll
[0901/003735:ERROR:process_reader_win.cc(233)] ReadMemory at 0x7fb11060000 of 64 bytes failed: Only part of a ReadProcessMemory or WriteProcessMemory request was completed. (0x12B)
[0901/003735:WARNING:pe_image_reader.cc(281)] could not read dos header from C:\Windows\SYSTEM32\bcryptPrimitives.dll
[0901/003735:ERROR:process_reader_win.cc(233)] ReadMemory at 0x7fb110c0000 of 64 bytes failed: Only part of a ReadProcessMemory or WriteProcessMemory request was completed. (0x12B)
[0901/003735:WARNING:pe_image_reader.cc(281)] could not read dos header from C:\Windows\SYSTEM32\cryptbase.dll
[0901/003735:ERROR:process_reader_win.cc(233)] ReadMemory at 0x7fb0dc30000 of 64 bytes failed: Only part of a ReadProcessMemory or WriteProcessMemory request was completed. (0x12B)
[0901/003735:WARNING:pe_image_reader.cc(281)] could not read dos header from C:\Windows\SYSTEM32\dwrite.dll
[0901/003735:ERROR:process_reader_win.cc(233)] ReadMemory at 0x7f701c99170 of 12 bytes failed: Only part of a ReadProcessMemory or WriteProcessMemory request was completed. (0x12B)
[0901/003735:WARNING:process_snapshot_win.cc(104)] ReadMemory ExceptionInformation failed
[0901/003735:WARNING:crash_report_exception_handler.cc(60)] ProcessSnapshotWin::InitializeException failed
[0901/003735:ERROR:scoped_process_suspend.cc(38)] NtResumeProcess, ntstatus=-1073741558
[0901/003744:ERROR:process_info.cc(608)] range at 0xf207454600000000, size 0x3d fully unreadable
[0901/003744:ERROR:process_info.cc(608)] range at 0xf20745a800000000, size 0x3d fully unreadable
[0901/003744:ERROR:process_info.cc(608)] range at 0x0, size 0x3d fully unreadable
[0901/003748:WARNING:in_range_cast.h(38)] value 8774958481728 out of range
[0901/003748:WARNING:in_range_cast.h(38)] value 266055974912 out of range
[0901/003748:WARNING:in_range_cast.h(38)] value 8774957940128 out of range
[0901/003748:WARNING:in_range_cast.h(38)] value 8774957933312 out of range
[0901/003748:WARNING:in_range_cast.h(38)] value 8774958355784 out of range
[0901/003748:WARNING:in_range_cast.h(38)] value 8774958394496 out of range
[0901/003748:WARNING:in_range_cast.h(38)] value 4660173581241756385 out of range
[0901/003752:ERROR:process_info.cc(608)] range at 0xd186453000000000, size 0x55 fully unreadable
[0901/003752:ERROR:process_info.cc(608)] range at 0xd186459200000000, size 0x55 fully unreadable
[0901/003752:ERROR:process_info.cc(608)] range at 0x0, size 0x55 fully unreadable
[0901/003753:ERROR:process_info.cc(608)] range at 0x812b454800000000, size 0x44 fully unreadable
[0901/003753:ERROR:process_info.cc(608)] range at 0x812b45aa00000000, size 0x44 fully unreadable
[0901/003753:ERROR:process_info.cc(608)] range at 0x0, size 0x44 fully unreadable
[0901/003753:ERROR:process_info.cc(608)] range at 0xaf07453600000000, size 0xbc fully unreadable
[0901/003753:ERROR:process_info.cc(608)] range at 0xaf07459800000000, size 0xbc fully unreadable
[0901/003753:ERROR:process_info.cc(608)] range at 0x0, size 0xbc fully unreadable
[0901/003754:WARNING:in_range_cast.h(38)] value 8774958481728 out of range
[0901/003754:WARNING:in_range_cast.h(38)] value 367221407744 out of range
[0901/003754:WARNING:in_range_cast.h(38)] value 8774957940128 out of range
[0901/003754:WARNING:in_range_cast.h(38)] value 8774957933312 out of range
[0901/003754:WARNING:in_range_cast.h(38)] value 8774958355784 out of range
[0901/003754:WARNING:in_range_cast.h(38)] value 8774958394496 out of range
[0901/003754:WARNING:in_range_cast.h(38)] value 4660173581241756385 out of range
[0901/003754:WARNING:in_range_cast.h(38)] value 8774958481728 out of range
[0901/003754:WARNING:in_range_cast.h(38)] value 810389078016 out of range
[0901/003754:WARNING:in_range_cast.h(38)] value 8774957940128 out of range
[0901/003754:WARNING:in_range_cast.h(38)] value 8774957933312 out of range
[0901/003754:WARNING:in_range_cast.h(38)] value 8774958355784 out of range
[0901/003754:WARNING:in_range_cast.h(38)] value 8774958394496 out of range
[0901/003754:WARNING:in_range_cast.h(38)] value 4660173581241756385 out of range
[0901/003754:WARNING:in_range_cast.h(38)] value 8774958481728 out of range
[0901/003754:WARNING:in_range_cast.h(38)] value 294226165760 out of range
[0901/003754:WARNING:in_range_cast.h(38)] value 8774957940128 out of range
[0901/003754:WARNING:in_range_cast.h(38)] value 8774957933312 out of range
[0901/003754:WARNING:in_range_cast.h(38)] value 8774958355784 out of range
[0901/003754:WARNING:in_range_cast.h(38)] value 8774958394496 out of range
[0901/003754:WARNING:in_range_cast.h(38)] value 4660173581241756385 out of range
[0901/003756:ERROR:process_info.cc(608)] range at 0x82bd454800000000, size 0x83 fully unreadable
[0901/003756:ERROR:process_info.cc(608)] range at 0x82bd45aa00000000, size 0x83 fully unreadable
[0901/003756:ERROR:process_info.cc(608)] range at 0x0, size 0x83 fully unreadable
[0901/003758:WARNING:in_range_cast.h(38)] value 8774958481728 out of range
[0901/003758:WARNING:in_range_cast.h(38)] value 564789641216 out of range
[0901/003758:WARNING:in_range_cast.h(38)] value 8774957940128 out of range
[0901/003758:WARNING:in_range_cast.h(38)] value 8774957933312 out of range
[0901/003758:WARNING:in_range_cast.h(38)] value 8774958355784 out of range
[0901/003758:WARNING:in_range_cast.h(38)] value 8774958394496 out of range
[0901/003758:WARNING:in_range_cast.h(38)] value 4660173581241756385 out of range
[0901/003818:ERROR:process_info.cc(608)] range at 0xb5f5459200000000, size 0x8d fully unreadable
[0901/003818:ERROR:process_info.cc(608)] range at 0xb5f545f400000000, size 0x8d fully unreadable
[0901/003818:ERROR:process_info.cc(608)] range at 0x0, size 0x8d fully unreadable
[0901/003818:WARNING:in_range_cast.h(38)] value 8774958481728 out of range
[0901/003818:WARNING:in_range_cast.h(38)] value 607739183104 out of range
[0901/003818:WARNING:in_range_cast.h(38)] value 8774957940128 out of range
[0901/003818:WARNING:in_range_cast.h(38)] value 8774957933312 out of range
[0901/003818:WARNING:in_range_cast.h(38)] value 8774958355784 out of range
[0901/003818:WARNING:in_range_cast.h(38)] value 8774958394496 out of range
[0901/003818:WARNING:in_range_cast.h(38)] value 4660173581241756385 out of range
